## Build failed at Fri Feb 27 12:42:32 UTC 2026

### flutter build apk --debug output (last 300 lines):
```
Running Gradle task 'assembleDebug'...                          
Checking the license for package NDK (Side by side) 27.0.12077973 in /usr/local/lib/android/sdk/licenses
License for package NDK (Side by side) 27.0.12077973 accepted.
Preparing "Install NDK (Side by side) 27.0.12077973 v.27.0.12077973".
"Install NDK (Side by side) 27.0.12077973 v.27.0.12077973" ready.
Installing NDK (Side by side) 27.0.12077973 in /usr/local/lib/android/sdk/ndk/27.0.12077973
"Install NDK (Side by side) 27.0.12077973 v.27.0.12077973" complete.
"Install NDK (Side by side) 27.0.12077973 v.27.0.12077973" finished.

FAILURE: Build failed with an exception.

* What went wrong:
Execution failed for task ':app:checkDebugAarMetadata'.
> A failure occurred while executing com.android.build.gradle.internal.tasks.CheckAarMetadataWorkAction
   > 3 issues were found when checking AAR metadata:

       1.  Dependency 'androidx.browser:browser:1.9.0' requires Android Gradle plugin 8.9.1 or higher.

           This build currently uses Android Gradle plugin 8.7.0.

       2.  Dependency 'androidx.core:core-ktx:1.17.0' requires Android Gradle plugin 8.9.1 or higher.

           This build currently uses Android Gradle plugin 8.7.0.

       3.  Dependency 'androidx.core:core:1.17.0' requires Android Gradle plugin 8.9.1 or higher.

           This build currently uses Android Gradle plugin 8.7.0.

* Try:
> Run with --stacktrace option to get the stack trace.
> Run with --info or --debug option to get more log output.
> Run with --scan to get full insights.
> Get more help at https://help.gradle.org.

BUILD FAILED in 9m 15s
Running Gradle task 'assembleDebug'...                            557.2s
Gradle task assembleDebug failed with exit code 1
```
